<?xml version="1.0" encoding="UTF-8"?>
<!-- Generated by org.testng.reporters.JUnitXMLReporter -->
<testsuite ignored="0" hostname="dac9" failures="0" tests="1" name="Surefire test" time="0.098" errors="0" timestamp="2024-01-15T21:17:47 IST">
  <testcase classname="test.AmazonSearchTest" name="@BeforeTest setUp" time="0.073">
    <failure type="java.lang.IllegalStateException" message="The driver executable does not exist: E:\jenkins_java_workspace\test\path\to\chromedriver">
      <![CDATA[java.lang.IllegalStateException: The driver executable does not exist: E:\jenkins_java_workspace\test\path\to\chromedriver
at com.google.common.base.Preconditions.checkState(Preconditions.java:585)
at org.openqa.selenium.remote.service.DriverService.checkExecutable(DriverService.java:146)
at org.openqa.selenium.remote.service.DriverService.findExecutable(DriverService.java:141)
at org.openqa.selenium.chrome.ChromeDriverService.access$000(ChromeDriverService.java:35)
at org.openqa.selenium.chrome.ChromeDriverService$Builder.findDefaultExecutable(ChromeDriverService.java:159)
at org.openqa.selenium.remote.service.DriverService$Builder.build(DriverService.java:355)
at org.openqa.selenium.chrome.ChromeDriverService.createDefaultService(ChromeDriverService.java:94)
at org.openqa.selenium.chrome.ChromeDriver.<init>(ChromeDriver.java:123)
at test.AmazonSearchTest.setUp(AmazonSearchTest.java:20)
... Removed 29 stack frames]]>
    </failure>
  </testcase> <!-- @BeforeTest setUp -->
  <testcase classname="test.AmazonSearchTest" name="@AfterTest tearDown" time="-1.705333667272E9">
    <skipped/>
  </testcase> <!-- @AfterTest tearDown -->
  <testcase classname="test.AmazonSearchTest" name="amazonSearchScenario" time="0.0">
    <skipped/>
  </testcase> <!-- amazonSearchScenario -->
</testsuite> <!-- Surefire test -->
